# JRE version: Java(TM) SE Runtime Environment (8.0_73-b02) (build 1.8.0_73-b02)
# Java VM: Java HotSpot(TM) 64-Bit Server VM (25.73-b02 mixed mode windows-amd64 compressed oops)
Heap:
 PSYoungGen      total 218624K, used 11367K [0x000000076b500000, 0x0000000784600000, 0x00000007c0000000)
  eden space 207872K, 5% used [0x000000076b500000,0x000000076bf99e40,0x0000000778000000)
  from space 10752K, 4% used [0x0000000778000000,0x0000000778080000,0x0000000778a80000)
  to   space 52736K, 0% used [0x0000000781280000,0x0000000781280000,0x0000000784600000)
 ParOldGen       total 238592K, used 69159K [0x00000006c1e00000, 0x00000006d0700000, 0x000000076b500000)
  object space 238592K, 28% used [0x00000006c1e00000,0x00000006c6189f58,0x00000006d0700000)
 Metaspace       used 31797K, capacity 32230K, committed 32560K, reserved 1077248K
  class space    used 3646K, capacity 3771K, committed 3888K, reserved 1048576K
GC Heap History (10 events):
Event: 3.546 GC heap before
{Heap before GC invocations=3 (full 1):
 PSYoungGen      total 141824K, used 8767K [0x000000076b500000, 0x0000000774a00000, 0x00000007c0000000)
  eden space 131072K, 0% used [0x000000076b500000,0x000000076b500000,0x0000000773500000)
  from space 10752K, 81% used [0x0000000773f80000,0x000000077480fc50,0x0000000774a00000)
  to   space 10752K, 0% used [0x0000000773500000,0x0000000773500000,0x0000000773f80000)
 ParOldGen       total 175104K, used 490K [0x00000006c1e00000, 0x00000006cc900000, 0x000000076b500000)
  object space 175104K, 0% used [0x00000006c1e00000,0x00000006c1e7aab8,0x00000006cc900000)
 Metaspace       used 20958K, capacity 21178K, committed 21296K, reserved 1069056K
  class space    used 2495K, capacity 2581K, committed 2608K, reserved 1048576K
Event: 3.585 GC heap after
Heap after GC invocations=3 (full 1):
 PSYoungGen      total 141824K, used 0K [0x000000076b500000, 0x0000000774a00000, 0x00000007c0000000)
  eden space 131072K, 0% used [0x000000076b500000,0x000000076b500000,0x0000000773500000)
  from space 10752K, 0% used [0x0000000773f80000,0x0000000773f80000,0x0000000774a00000)
  to   space 10752K, 0% used [0x0000000773500000,0x0000000773500000,0x0000000773f80000)
 ParOldGen       total 101888K, used 8587K [0x00000006c1e00000, 0x00000006c8180000, 0x000000076b500000)
  object space 101888K, 8% used [0x00000006c1e00000,0x00000006c2662cf8,0x00000006c8180000)
 Metaspace       used 20958K, capacity 21178K, committed 21296K, reserved 1069056K
  class space    used 2495K, capacity 2581K, committed 2608K, reserved 1048576K
}
Event: 6.717 GC heap before
{Heap before GC invocations=4 (full 1):
 PSYoungGen      total 141824K, used 131072K [0x000000076b500000, 0x0000000774a00000, 0x00000007c0000000)
  eden space 131072K, 100% used [0x000000076b500000,0x0000000773500000,0x0000000773500000)
  from space 10752K, 0% used [0x0000000773f80000,0x0000000773f80000,0x0000000774a00000)
  to   space 10752K, 0% used [0x0000000773500000,0x0000000773500000,0x0000000773f80000)
 ParOldGen       total 101888K, used 8587K [0x00000006c1e00000, 0x00000006c8180000, 0x000000076b500000)
  object space 101888K, 8% used [0x00000006c1e00000,0x00000006c2662cf8,0x00000006c8180000)
 Metaspace       used 29617K, capacity 29984K, committed 30384K, reserved 1075200K
  class space    used 3514K, capacity 3634K, committed 3760K, reserved 1048576K
Event: 6.766 GC heap after
Heap after GC invocations=4 (full 1):
 PSYoungGen      total 141824K, used 10733K [0x000000076b500000, 0x0000000779500000, 0x00000007c0000000)
  eden space 131072K, 0% used [0x000000076b500000,0x000000076b500000,0x0000000773500000)
  from space 10752K, 99% used [0x0000000773500000,0x0000000773f7b690,0x0000000773f80000)
  to   space 10752K, 0% used [0x0000000778a80000,0x0000000778a80000,0x0000000779500000)
 ParOldGen       total 101888K, used 38218K [0x00000006c1e00000, 0x00000006c8180000, 0x000000076b500000)
  object space 101888K, 37% used [0x00000006c1e00000,0x00000006c43528e0,0x00000006c8180000)
 Metaspace       used 29617K, capacity 29984K, committed 30384K, reserved 1075200K
  class space    used 3514K, capacity 3634K, committed 3760K, reserved 1048576K
}
Event: 101.136 GC heap before
{Heap before GC invocations=5 (full 1):
 PSYoungGen      total 141824K, used 141805K [0x000000076b500000, 0x0000000779500000, 0x00000007c0000000)
  eden space 131072K, 100% used [0x000000076b500000,0x0000000773500000,0x0000000773500000)
  from space 10752K, 99% used [0x0000000773500000,0x0000000773f7b690,0x0000000773f80000)
  to   space 10752K, 0% used [0x0000000778a80000,0x0000000778a80000,0x0000000779500000)
 ParOldGen       total 101888K, used 38218K [0x00000006c1e00000, 0x00000006c8180000, 0x000000076b500000)
  object space 101888K, 37% used [0x00000006c1e00000,0x00000006c43528e0,0x00000006c8180000)
 Metaspace       used 31296K, capacity 31688K, committed 31920K, reserved 1077248K
  class space    used 3618K, capacity 3726K, committed 3760K, reserved 1048576K
Event: 101.209 GC heap after
Heap after GC invocations=5 (full 1):
 PSYoungGen      total 209920K, used 10735K [0x000000076b500000, 0x0000000779500000, 0x00000007c0000000)
  eden space 199168K, 0% used [0x000000076b500000,0x000000076b500000,0x0000000777780000)
  from space 10752K, 99% used [0x0000000778a80000,0x00000007794fbe08,0x0000000779500000)
  to   space 10752K, 0% used [0x0000000778000000,0x0000000778000000,0x0000000778a80000)
 ParOldGen       total 101888K, used 65621K [0x00000006c1e00000, 0x00000006c8180000, 0x000000076b500000)
  object space 101888K, 64% used [0x00000006c1e00000,0x00000006c5e157c8,0x00000006c8180000)
 Metaspace       used 31296K, capacity 31688K, committed 31920K, reserved 1077248K
  class space    used 3618K, capacity 3726K, committed 3760K, reserved 1048576K
}
Event: 101.209 GC heap before
{Heap before GC invocations=6 (full 2):
 PSYoungGen      total 209920K, used 10735K [0x000000076b500000, 0x0000000779500000, 0x00000007c0000000)
  eden space 199168K, 0% used [0x000000076b500000,0x000000076b500000,0x0000000777780000)
  from space 10752K, 99% used [0x0000000778a80000,0x00000007794fbe08,0x0000000779500000)
  to   space 10752K, 0% used [0x0000000778000000,0x0000000778000000,0x0000000778a80000)
 ParOldGen       total 101888K, used 65621K [0x00000006c1e00000, 0x00000006c8180000, 0x000000076b500000)
  object space 101888K, 64% used [0x00000006c1e00000,0x00000006c5e157c8,0x00000006c8180000)
 Metaspace       used 31296K, capacity 31688K, committed 31920K, reserved 1077248K
  class space    used 3618K, capacity 3726K, committed 3760K, reserved 1048576K
Event: 101.669 GC heap after
Heap after GC invocations=6 (full 2):
 PSYoungGen      total 209920K, used 0K [0x000000076b500000, 0x0000000779500000, 0x00000007c0000000)
  eden space 199168K, 0% used [0x000000076b500000,0x000000076b500000,0x0000000777780000)
  from space 10752K, 0% used [0x0000000778a80000,0x0000000778a80000,0x0000000779500000)
  to   space 10752K, 0% used [0x0000000778000000,0x0000000778000000,0x0000000778a80000)
 ParOldGen       total 238592K, used 69151K [0x00000006c1e00000, 0x00000006d0700000, 0x000000076b500000)
  object space 238592K, 28% used [0x00000006c1e00000,0x00000006c6187f58,0x00000006d0700000)
 Metaspace       used 31296K, capacity 31688K, committed 31920K, reserved 1077248K
  class space    used 3618K, capacity 3726K, committed 3760K, reserved 1048576K
}
Event: 214.495 GC heap before
{Heap before GC invocations=7 (full 2):
 PSYoungGen      total 209920K, used 199168K [0x000000076b500000, 0x0000000779500000, 0x00000007c0000000)
  eden space 199168K, 100% used [0x000000076b500000,0x0000000777780000,0x0000000777780000)
  from space 10752K, 0% used [0x0000000778a80000,0x0000000778a80000,0x0000000779500000)
  to   space 10752K, 0% used [0x0000000778000000,0x0000000778000000,0x0000000778a80000)
 ParOldGen       total 238592K, used 69151K [0x00000006c1e00000, 0x00000006d0700000, 0x000000076b500000)
  object space 238592K, 28% used [0x00000006c1e00000,0x00000006c6187f58,0x00000006d0700000)
 Metaspace       used 31699K, capacity 32076K, committed 32304K, reserved 1077248K
  class space    used 3640K, capacity 3766K, committed 3888K, reserved 1048576K
Event: 214.520 GC heap after
Heap after GC invocations=7 (full 2):
 PSYoungGen      total 218624K, used 512K [0x000000076b500000, 0x0000000784600000, 0x00000007c0000000)
  eden space 207872K, 0% used [0x000000076b500000,0x000000076b500000,0x0000000778000000)
  from space 10752K, 4% used [0x0000000778000000,0x0000000778080000,0x0000000778a80000)
  to   space 52736K, 0% used [0x0000000781280000,0x0000000781280000,0x0000000784600000)
 ParOldGen       total 238592K, used 69159K [0x00000006c1e00000, 0x00000006d0700000, 0x000000076b500000)
  object space 238592K, 28% used [0x00000006c1e00000,0x00000006c6189f58,0x00000006d0700000)
 Metaspace       used 31699K, capacity 32076K, committed 32304K, reserved 1077248K
  class space    used 3640K, capacity 3766K, committed 3888K, reserved 1048576K
}

